New log file opened at Fri Jun 29 12:33:29 IST 2018 by 10969@srk-a
Taking next connection to: 40413
New client attempting to connect on port: 36308-40413
  Address = /127.0.1.1:40413
This client on port 36308 has uuid cedd83a7-913f-44e6-9591-1ee954c524ed configName activator humanReadableName Activator protocolVersion 3 featureTags Vector()
Connected Clients: activator-cedd83a7-913f-44e6-9591-1ee954c524ed
Taking next connection to: 40413
Checking to see if clients are empty...
We have 1 non-daemon clients, continuing serving connections.
Taking next connection to: 40413
Checking to see if clients are empty...
We have 1 non-daemon clients, continuing serving connections.
Taking next connection to: 40413
Checking to see if clients are empty...
We have 1 non-daemon clients, continuing serving connections.
Taking next connection to: 40413
Checking to see if clients are empty...
We have 1 non-daemon clients, continuing serving connections.
Taking next connection to: 40413
Checking to see if clients are empty...
We have 1 non-daemon clients, continuing serving connections.
Taking next connection to: 40413
Checking to see if clients are empty...
We have 1 non-daemon clients, continuing serving connections.
Taking next connection to: 40413
Checking to see if clients are empty...
We have 1 non-daemon clients, continuing serving connections.
Taking next connection to: 40413
Checking to see if clients are empty...
We have 1 non-daemon clients, continuing serving connections.
Taking next connection to: 40413
Checking to see if clients are empty...
We have 1 non-daemon clients, continuing serving connections.
Taking next connection to: 40413
